problem: hi {"timestamp":"2022-03-03T09:12:13.114Z"}
problem: not being able to print out log messages in root folder {"timestamp":"2022-03-03T09:12:13.121Z"}
should: should be able to specify a root directory {"timestamp":"2022-03-03T09:12:13.123Z"}
story: hi {"timestamp":"2022-03-03T09:12:13.124Z"}
should: hi {"timestamp":"2022-03-03T09:12:13.125Z"}
is: hi {"timestamp":"2022-03-03T09:12:13.125Z"}
problem: hi {"timestamp":"2022-03-03T09:12:22.890Z"}
problem: hi {"timestamp":"2022-03-03T09:12:47.904Z"}
problem: not being able to print out log messages in root folder {"timestamp":"2022-03-03T09:12:47.910Z"}
should: should be able to specify a root directory {"timestamp":"2022-03-03T09:12:47.911Z"}
story: hi {"timestamp":"2022-03-03T09:12:47.911Z"}
should: hi {"timestamp":"2022-03-03T09:12:47.912Z"}
is: hi {"timestamp":"2022-03-03T09:12:47.913Z"}
how: how {"timestamp":"2022-03-03T09:12:47.913Z"}
motherlode: motherlode {"timestamp":"2022-03-03T09:12:47.914Z"}
problem: hi {"timestamp":"2022-03-03T09:13:06.451Z"}
problem: not being able to print out log messages in root folder {"timestamp":"2022-03-03T09:13:06.457Z"}
should: should be able to specify a root directory {"timestamp":"2022-03-03T09:13:06.459Z"}
story: hi {"timestamp":"2022-03-03T09:13:06.459Z"}
should: hi {"timestamp":"2022-03-03T09:13:06.460Z"}
is: hi {"timestamp":"2022-03-03T09:13:06.461Z"}
how: how {"timestamp":"2022-03-03T09:13:06.461Z"}
step: step {"timestamp":"2022-03-03T09:13:06.463Z"}
motherlode: motherlode {"timestamp":"2022-03-03T09:13:06.463Z"}
