problem: hi {"timestamp":"2022-03-03T09:11:24.585Z"}
problem: not being able to print out log messages in root folder {"timestamp":"2022-03-03T09:11:24.590Z"}
should: should be able to specify a root directory {"timestamp":"2022-03-03T09:11:24.591Z"}
story: hi {"timestamp":"2022-03-03T09:11:24.592Z"}
should: hi {"timestamp":"2022-03-03T09:11:24.593Z"}
is: hi {"timestamp":"2022-03-03T09:11:24.593Z"}
problem: hi {"timestamp":"2022-03-03T09:11:27.181Z"}
problem: not being able to print out log messages in root folder {"timestamp":"2022-03-03T09:11:27.186Z"}
should: should be able to specify a root directory {"timestamp":"2022-03-03T09:11:27.188Z"}
story: hi {"timestamp":"2022-03-03T09:11:27.188Z"}
should: hi {"timestamp":"2022-03-03T09:11:27.189Z"}
is: hi {"timestamp":"2022-03-03T09:11:27.189Z"}
problem: hi {"timestamp":"2022-03-03T09:11:39.662Z"}
problem: not being able to print out log messages in root folder {"timestamp":"2022-03-03T09:11:39.668Z"}
should: should be able to specify a root directory {"timestamp":"2022-03-03T09:11:39.670Z"}
story: hi {"timestamp":"2022-03-03T09:11:39.671Z"}
should: hi {"timestamp":"2022-03-03T09:11:39.672Z"}
is: hi {"timestamp":"2022-03-03T09:11:39.672Z"}
problem: hi {"timestamp":"2022-03-03T09:11:56.386Z"}
problem: not being able to print out log messages in root folder {"timestamp":"2022-03-03T09:11:56.391Z"}
should: should be able to specify a root directory {"timestamp":"2022-03-03T09:11:56.392Z"}
story: hi {"timestamp":"2022-03-03T09:11:56.393Z"}
should: hi {"timestamp":"2022-03-03T09:11:56.393Z"}
is: hi {"timestamp":"2022-03-03T09:11:56.394Z"}
problem: hi {"timestamp":"2022-03-03T09:12:13.114Z"}
problem: not being able to print out log messages in root folder {"timestamp":"2022-03-03T09:12:13.121Z"}
should: should be able to specify a root directory {"timestamp":"2022-03-03T09:12:13.123Z"}
story: hi {"timestamp":"2022-03-03T09:12:13.124Z"}
should: hi {"timestamp":"2022-03-03T09:12:13.125Z"}
is: hi {"timestamp":"2022-03-03T09:12:13.125Z"}
problem: hi {"timestamp":"2022-03-03T09:12:22.890Z"}
problem: hi {"timestamp":"2022-03-03T09:12:47.904Z"}
problem: not being able to print out log messages in root folder {"timestamp":"2022-03-03T09:12:47.910Z"}
should: should be able to specify a root directory {"timestamp":"2022-03-03T09:12:47.911Z"}
story: hi {"timestamp":"2022-03-03T09:12:47.911Z"}
should: hi {"timestamp":"2022-03-03T09:12:47.912Z"}
is: hi {"timestamp":"2022-03-03T09:12:47.913Z"}
how: how {"timestamp":"2022-03-03T09:12:47.913Z"}
motherlode: motherlode {"timestamp":"2022-03-03T09:12:47.914Z"}
problem: hi {"timestamp":"2022-03-03T09:13:06.451Z"}
problem: not being able to print out log messages in root folder {"timestamp":"2022-03-03T09:13:06.457Z"}
should: should be able to specify a root directory {"timestamp":"2022-03-03T09:13:06.459Z"}
story: hi {"timestamp":"2022-03-03T09:13:06.459Z"}
should: hi {"timestamp":"2022-03-03T09:13:06.460Z"}
is: hi {"timestamp":"2022-03-03T09:13:06.461Z"}
how: how {"timestamp":"2022-03-03T09:13:06.461Z"}
step: step {"timestamp":"2022-03-03T09:13:06.463Z"}
motherlode: motherlode {"timestamp":"2022-03-03T09:13:06.463Z"}
