[31m~ 09:52:01 - error: hi ~[39m
[31m~ error: hi [39m
[31m09:52:40 ~[39m
[31m~ error ~ [39m
[31mhi [39m
[31m09:52:59 ~[39m
[31m~ error: {msg.timestamp} ~ [39m
[31mhi [39m
[31m$~[39m
[31m~ error: 09:53:21 ~ [39m
[31mhi [39m
[31m$~[39m
[31m~ error: 09:54:56 ~ [39m
[31mhi [39m
[31m~[39m
[31m~ error: 09:55:26 ~ [39m
[31mhi [39m
[31m~[39m
[31m~ error: 09:55:56 ~ [39m
[31mhi [39m
[31m~[39m
[31m~ error: 09:56:09 ~ [39m
[31m	hi [39m
[31m~[39m
[31m~ error: 09:56:31 ~ [39m
[31m	hi [39m
[31m~[39m
[31m~ error: 09:56:40 ~ [39m
[31m	hi [39m
[31m~[39m
[31m~ error: 09:56:50 ~ [39m
[31m	hi [39m
[31m~[39m
[31m~ error: 03:02, 09:57:22 ~ [39m
[31m	hi [39m
[31m~[39m
[31m~ error: 02/03/2022, 09:57:37 ~ [39m
[31m	hi [39m
[31m~[39m
[31m~ show: 02/03/2022, 09:58:42 ~ [39m
[31m	hi [39m
[31m~[39m
error: 	hi {"timestamp":"02/03/2022, 10:00:23"}
[31m~ yo: 02/03/2022, 10:00:34 ~ [39m
[31m	hi [39m
[31m~[39m
[31merror[39m: hi
[31mupset[39m: hi
[31mupset[39m: hi
[31mupset[39m: hi
[33m[3mupset[23m[39m: hi
[33m[3mupset[23m[39m: hi
[33m[3mupset[23m[39m: hi
[33m[3mupset[23m[39m: hi
[33m[3mupset[23m[39m: hi
[33m[3mupset[23m[39m: hi
[33m[3mupset[23m[39m: hi
[33m[3mupset[23m[39m: hi
[34m[1mupset[22m[39m: hi
[90m[1mupset[22m[39m: hi
[47m[90m[1mupset[22m[39m[49m: hi
[47m[90m[1mupset[22m[39m[49m: hi
[47m[90m[1mupset[22m[39m[49m: hi
[47m[90m[1mupset[22m[39m[49m: hi
[47m[90m[1mupset[22m[39m[49m: hi
[47m[90m[1mupset[22m[39m[49m: hi
[47m[90m[1mupset[22m[39m[49m: hi
[47m[90m[1mupset[22m[39m[49m: hi
[47m[90m[1mupset[22m[39m[49m: hi
[31m[1mproblem[22m[39m: problem
[35m[1mshould[22m[39m: should
[47m[90m[1mupset[22m[39m[49m: hi
[31m[1mproblem[22m[39m: problem
[35m[1mshould[22m[39m: should
[47m[90m[1mupset[22m[39m[49m: hi
[31m[1mproblem[22m[39m: problem
[35m[1mshould[22m[39m: should
[47m[90m[1mupset[22m[39m[49m: hi
[31m[1mproblem[22m[39m: problem
[35m[1mshould[22m[39m: should
[47m[90m[1mupset[22m[39m[49m: hi
[31m[1mproblem[22m[39m: problem
[35m[1mshould[22m[39m: should
[47m[90m[1mupset[22m[39m[49m: hi
[31m[1mproblem[22m[39m: problem
[35m[1mshould[22m[39m: should
[47m[90m[1mupset[22m[39m[49m: hi
[31m[1mproblem[22m[39m: problem
[35m[1mshould[22m[39m: should
