[31m~ 09:52:01 - error: hi ~[39m
[33m~ 09:52:01 - warn: problem ~[39m
[32m~ 09:52:01 - info: hi ~[39m
[33m~ 09:52:01 - notice: hi ~[39m
[31m~ error: hi [39m
[31m09:52:40 ~[39m
[33m~ warn: problem [39m
[33m09:52:40 ~[39m
[32m~ info: hi [39m
[32m09:52:40 ~[39m
[33m~ notice: hi [39m
[33m09:52:40 ~[39m
[31m~ error ~ [39m
[31mhi [39m
[31m09:52:59 ~[39m
[33m~ warn ~ [39m
[33mproblem [39m
[33m09:52:59 ~[39m
[32m~ info ~ [39m
[32mhi [39m
[32m09:52:59 ~[39m
[33m~ notice ~ [39m
[33mhi [39m
[33m09:52:59 ~[39m
[31m~ error: {msg.timestamp} ~ [39m
[31mhi [39m
[31m$~[39m
[33m~ warn: {msg.timestamp} ~ [39m
[33mproblem [39m
[33m$~[39m
[32m~ info: {msg.timestamp} ~ [39m
[32mhi [39m
[32m$~[39m
[33m~ notice: {msg.timestamp} ~ [39m
[33mhi [39m
[33m$~[39m
[31m~ error: 09:53:21 ~ [39m
[31mhi [39m
[31m$~[39m
[33m~ warn: 09:53:21 ~ [39m
[33mproblem [39m
[33m$~[39m
[32m~ info: 09:53:21 ~ [39m
[32mhi [39m
[32m$~[39m
[33m~ notice: 09:53:21 ~ [39m
[33mhi [39m
[33m$~[39m
[31m~ error: 09:54:56 ~ [39m
[31mhi [39m
[31m~[39m
[33m~ warn: 09:54:56 ~ [39m
[33mproblem [39m
[33m~[39m
[32m~ info: 09:54:56 ~ [39m
[32mhi [39m
[32m~[39m
[33m~ notice: 09:54:56 ~ [39m
[33mhi [39m
[33m~[39m
[31m~ error: 09:55:26 ~ [39m
[31mhi [39m
[31m~[39m
[33m~ warn: 09:55:26 ~ [39m
[33mproblem [39m
[33m~[39m
[32m~ info: 09:55:26 ~ [39m
[32mhi [39m
[32m~[39m
[33m~ notice: 09:55:26 ~ [39m
[33mhi [39m
[33m~[39m
[31m~ error: 09:55:56 ~ [39m
[31mhi [39m
[31m~[39m
[33m~ warn: 09:55:56 ~ [39m
[33mproblem [39m
[33m~[39m
[32m~ info: 09:55:56 ~ [39m
[32mhi [39m
[32m~[39m
[33m~ notice: 09:55:56 ~ [39m
[33mhi [39m
[33m~[39m
[31m~ error: 09:56:09 ~ [39m
[31m	hi [39m
[31m~[39m
[33m~ warn: 09:56:09 ~ [39m
[33m	problem [39m
[33m~[39m
[32m~ info: 09:56:09 ~ [39m
[32m	hi [39m
[32m~[39m
[33m~ notice: 09:56:09 ~ [39m
[33m	hi [39m
[33m~[39m
[31m~ error: 09:56:31 ~ [39m
[31m	hi [39m
[31m~[39m
[33m~ warn: 09:56:31 ~ [39m
[33m	problem [39m
[33m~[39m
[32m~ info: 09:56:31 ~ [39m
[32m	hi [39m
[32m~[39m
[33m~ notice: 09:56:31 ~ [39m
[33m	hi [39m
[33m~[39m
[31m~ error: 09:56:40 ~ [39m
[31m	hi [39m
[31m~[39m
[33m~ warn: 09:56:40 ~ [39m
[33m	problem [39m
[33m~[39m
[32m~ info: 09:56:40 ~ [39m
[32m	hi [39m
[32m~[39m
[33m~ notice: 09:56:40 ~ [39m
[33m	hi [39m
[33m~[39m
[31m~ error: 09:56:50 ~ [39m
[31m	hi [39m
[31m~[39m
[33m~ warn: 09:56:50 ~ [39m
[33m	problem [39m
[33m~[39m
[32m~ info: 09:56:50 ~ [39m
[32m	hi [39m
[32m~[39m
[33m~ notice: 09:56:50 ~ [39m
[33m	hi [39m
[33m~[39m
[31m~ error: 03:02, 09:57:22 ~ [39m
[31m	hi [39m
[31m~[39m
[33m~ warn: 03:02, 09:57:22 ~ [39m
[33m	problem [39m
[33m~[39m
[32m~ info: 03:02, 09:57:22 ~ [39m
[32m	hi [39m
[32m~[39m
[33m~ notice: 03:02, 09:57:22 ~ [39m
[33m	hi [39m
[33m~[39m
[31m~ error: 02/03/2022, 09:57:37 ~ [39m
[31m	hi [39m
[31m~[39m
[33m~ warn: 02/03/2022, 09:57:37 ~ [39m
[33m	problem [39m
[33m~[39m
[32m~ info: 02/03/2022, 09:57:37 ~ [39m
[32m	hi [39m
[32m~[39m
[33m~ notice: 02/03/2022, 09:57:37 ~ [39m
[33m	hi [39m
[33m~[39m
[31m~ show: 02/03/2022, 09:58:42 ~ [39m
[31m	hi [39m
[31m~[39m
[33m~ yo: 02/03/2022, 09:58:42 ~ [39m
[33m	problem [39m
[33m~[39m
[32m~ yo: 02/03/2022, 09:58:42 ~ [39m
[32m	hi [39m
[32m~[39m
[33m~ yo: 02/03/2022, 09:58:42 ~ [39m
[33m	hi [39m
[33m~[39m
error: 	hi {"timestamp":"02/03/2022, 10:00:23"}
warn: 	problem {"timestamp":"02/03/2022, 10:00:23"}
info: 	hi {"timestamp":"02/03/2022, 10:00:23"}
notice: 	hi {"timestamp":"02/03/2022, 10:00:23"}
[31m~ yo: 02/03/2022, 10:00:34 ~ [39m
[31m	hi [39m
[31m~[39m
[33m~ yo: 02/03/2022, 10:00:34 ~ [39m
[33m	problem [39m
[33m~[39m
[32m~ yo: 02/03/2022, 10:00:34 ~ [39m
[32m	hi [39m
[32m~[39m
[33m~ yo: 02/03/2022, 10:00:34 ~ [39m
[33m	hi [39m
[33m~[39m
[47m[90m[1mupset[22m[39m[49m: hi
[31m[1mproblem[22m[39m: problem
[35m[1mshould[22m[39m: should
[33m[1mis[22m[39m: is
[37m[1mthink[22m[39m: think
[36m[1mstep[22m[39m: step
[47m[90m[1mupset[22m[39m[49m: hi
[31m[1mproblem[22m[39m: problem
[35m[1mshould[22m[39m: should
[33m[1mis[22m[39m: is
[37m[1mthink[22m[39m: think
[36m[1mstep[22m[39m: step
[47m[90m[1mupset[22m[39m[49m: hi
[31m[1mproblem[22m[39m: problem
[35m[1mshould[22m[39m: should
[33m[1mis[22m[39m: is
[37m[1mthink[22m[39m: think
[36m[1mstep[22m[39m: step
[47m[90m[1mupset[22m[39m[49m: hi
[31m[1mproblem[22m[39m: problem
[35m[1mshould[22m[39m: should
[33m[1mis[22m[39m: is
[37m[1mthink[22m[39m: think
[36m[1mstep[22m[39m: step
[47m[90m[1mupset[22m[39m[49m: hi
[31m[1mproblem[22m[39m: problem
[35m[1mshould[22m[39m: should
[33m[1mis[22m[39m: is
[37m[1mthink[22m[39m: think
[90m[1mstory[22m[39m: story
[36m[1mstep[22m[39m: step
[47m[90m[1mupset[22m[39m[49m: hi
[31m[1mproblem[22m[39m: problem
[35m[1mshould[22m[39m: should
[33m[1mis[22m[39m: is
[37m[1mthink[22m[39m: think
[90m[1mstory[22m[39m: story
[36m[1mstep[22m[39m: step
[47m[90m[1mupset[22m[39m[49m: hi
[31m[1mproblem[22m[39m: problem
[35m[1mshould[22m[39m: should
[33m[1mis[22m[39m: is
[37m[1mthink[22m[39m: think
[90m[1mstory[22m[39m: story
[36m[1mstep[22m[39m: step
[47m[90m[1mstory[22m[39m[49m: hi
[31m[1mproblem[22m[39m: problem
[35m[1mshould[22m[39m: should
[33m[1mis[22m[39m: is
[37m[1mthink[22m[39m: think
[47m[90m[1mstory[22m[39m[49m: story
[36m[1mstep[22m[39m: step
